frontPage-export/build 3/intermediates/manifest_merge_blame_file/debug/manifest-merger-blame-debug-report 5.txt
1<?xml version="1.0" encoding="utf-8"?>
2<manifest xmlns:android="http://schemas.android.com/apk/res/android"
3    package="com.fengsheng.frontpage_export" >
4
5    <uses-sdk
6        android:minSdkVersion="29"
6-->src/main/AndroidManifest.xml
7        android:targetSdkVersion="32" />
7-->src/main/AndroidManifest.xml
8
9</manifest>